<?xml version="1.0" encoding="UTF-8"?>
<!-- Generated by org.testng.reporters.JUnitReportReporter -->
<testsuite hostname="DESKTOP-HO3NPSQ" failures="0" tests="2" name="com.framework.datadriven.utils.XMLSeleniumTest" time="13.887" errors="0" timestamp="2021-06-01T16:42:36 IST" skipped="1">
  <testcase classname="com.framework.datadriven.utils.XMLSeleniumTest" name="testShopify" time="13.887"/>
  <system-out/>
  <testcase classname="com.framework.datadriven.utils.XMLSeleniumTest" name="testCompanyOffersDiscount">
    <skipped/>
  </testcase> <!-- testCompanyOffersDiscount -->
  <system-out/>
</testsuite> <!-- com.framework.datadriven.utils.XMLSeleniumTest -->
