<?xml version="1.0" encoding="UTF-8"?>
<!-- Generated by org.testng.reporters.JUnitReportReporter -->
<testsuite hostname="DESKTOP-HO3NPSQ" failures="0" tests="2" name="com.framework.datadriven.tests.HomeTestCSVData" time="19.175" errors="0" timestamp="2021-06-01T14:01:25 IST" skipped="0">
  <testcase classname="com.framework.datadriven.tests.HomeTestCSVData" name="signUpDataProviderTest" time="7.982"/>
  <system-out/>
  <testcase classname="com.framework.datadriven.tests.HomeTestCSVData" name="signUpDataProviderTest" time="11.193"/>
  <system-out/>
</testsuite> <!-- com.framework.datadriven.tests.HomeTestCSVData -->
