<?xml version="1.0" encoding="UTF-8"?>
<!-- Generated by org.testng.reporters.JUnitReportReporter -->
<testsuite hostname="DESKTOP-HO3NPSQ" failures="0" tests="5" name="pages.HomePage" time="37.241" errors="0" timestamp="2021-05-31T21:32:59 IST" skipped="0">
  <testcase classname="pages.HomePage" name="validateTitle" time="6.585"/>
  <system-out/>
  <testcase classname="pages.HomePage" name="signUpDataProviderTest" time="7.467"/>
  <system-out/>
  <testcase classname="pages.HomePage" name="signInTest" time="7.172"/>
  <system-out/>
  <testcase classname="pages.HomePage" name="signUpDataProviderTest" time="7.755"/>
  <system-out/>
  <testcase classname="pages.HomePage" name="signUpTest" time="8.262"/>
  <system-out/>
</testsuite> <!-- pages.HomePage -->
