<?xml version="1.0" encoding="UTF-8"?>
<!-- Generated by org.testng.reporters.JUnitReportReporter -->
<testsuite hostname="DESKTOP-HO3NPSQ" failures="0" tests="2" name="com.framework.datadriven.tests.HomeTestCSVData" time="23.253" errors="0" timestamp="2021-06-01T17:46:17 IST" skipped="0">
  <testcase classname="com.framework.datadriven.tests.HomeTestCSVData" name="signUpDataProviderTest" time="13.652"/>
  <system-out/>
  <testcase classname="com.framework.datadriven.tests.HomeTestCSVData" name="signUpDataProviderTest" time="9.601"/>
  <system-out/>
</testsuite> <!-- com.framework.datadriven.tests.HomeTestCSVData -->
