<?xml version="1.0" encoding="UTF-8"?>
<!-- Generated by org.testng.reporters.JUnitReportReporter -->
<testsuite hostname="DESKTOP-HO3NPSQ" failures="0" tests="2" name="com.framework.datadriven.tests.HomeTestExcelDataMapExample" time="17.986" errors="0" timestamp="2021-06-01T14:10:15 IST" skipped="0">
  <testcase classname="com.framework.datadriven.tests.HomeTestExcelDataMapExample" name="signUpDataProviderTest" time="9.763"/>
  <system-out/>
  <testcase classname="com.framework.datadriven.tests.HomeTestExcelDataMapExample" name="signUpDataProviderTest" time="8.223"/>
  <system-out/>
</testsuite> <!-- com.framework.datadriven.tests.HomeTestExcelDataMapExample -->
