<?xml version="1.0" encoding="UTF-8"?>
<!-- Generated by org.testng.reporters.JUnitReportReporter -->
<testsuite hostname="DESKTOP-HO3NPSQ" failures="0" tests="1" name="com.framework.datadriven.tests.FishTest" time="6.939" errors="0" timestamp="2021-06-01T19:19:24 IST" skipped="0">
  <testcase classname="com.framework.datadriven.tests.FishTest" name="addLargeAngelFishTest" time="6.939"/>
  <system-out/>
</testsuite> <!-- com.framework.datadriven.tests.FishTest -->
