<?xml version="1.0" encoding="UTF-8"?>
<!-- Generated by org.testng.reporters.JUnitReportReporter -->
<testsuite hostname="DESKTOP-HO3NPSQ" failures="0" tests="2" name="com.framework.datadriven.tests.HomeTestExcelData" time="20.115" errors="0" timestamp="2021-06-01T10:48:05 IST" skipped="0">
  <testcase classname="com.framework.datadriven.tests.HomeTestExcelData" name="signUpDataProviderTest" time="10.999"/>
  <system-out/>
  <testcase classname="com.framework.datadriven.tests.HomeTestExcelData" name="signUpDataProviderTest" time="9.116"/>
  <system-out/>
</testsuite> <!-- com.framework.datadriven.tests.HomeTestExcelData -->
