<?xml version="1.0" encoding="UTF-8"?>
<!-- Generated by org.testng.reporters.JUnitReportReporter -->
<testsuite hostname="DESKTOP-HO3NPSQ" failures="0" tests="2" name="com.framework.datadriven.utils.XMLSeleniumTest" time="15.148" errors="0" timestamp="2021-06-01T18:04:13 IST" skipped="1">
  <testcase classname="com.framework.datadriven.utils.XMLSeleniumTest" name="testCompanyOffersDiscount" time="15.148"/>
  <system-out/>
  <testcase classname="com.framework.datadriven.utils.XMLSeleniumTest" name="testShopify">
    <skipped/>
  </testcase> <!-- testShopify -->
  <system-out/>
</testsuite> <!-- com.framework.datadriven.utils.XMLSeleniumTest -->
